# JRE version: Java(TM) SE Runtime Environment (8.0_131-b11) (build 1.8.0_131-b11)
# Java VM: Java HotSpot(TM) 64-Bit Server VM (25.131-b11 mixed mode bsd-amd64 compressed oops)
Heap:
 PSYoungGen      total 225792K, used 190687K [0x00000007b0000000, 0x00000007c0000000, 0x00000007c0000000)
  eden space 190464K, 91% used [0x00000007b0000000,0x00000007baa2a058,0x00000007bba00000)
  from space 35328K, 46% used [0x00000007bba00000,0x00000007bca0deb8,0x00000007bdc80000)
  to   space 34304K, 0% used [0x00000007bde80000,0x00000007bde80000,0x00000007c0000000)
 ParOldGen       total 524288K, used 121605K [0x0000000790000000, 0x00000007b0000000, 0x00000007b0000000)
  object space 524288K, 23% used [0x0000000790000000,0x00000007976c1458,0x00000007b0000000)
 Metaspace       used 78472K, capacity 84348K, committed 84528K, reserved 1120256K
  class space    used 10345K, capacity 12763K, committed 12848K, reserved 1048576K
GC Heap History (10 events):
Event: 8030.291 GC heap before
{Heap before GC invocations=50 (full 3):
 PSYoungGen      total 223232K, used 200043K [0x00000007b0000000, 0x00000007c0000000, 0x00000007c0000000)
  eden space 183808K, 100% used [0x00000007b0000000,0x00000007bb380000,0x00000007bb380000)
  from space 39424K, 41% used [0x00000007bd980000,0x00000007be95ae08,0x00000007c0000000)
  to   space 38912K, 0% used [0x00000007bb380000,0x00000007bb380000,0x00000007bd980000)
 ParOldGen       total 524288K, used 115479K [0x0000000790000000, 0x00000007b0000000, 0x00000007b0000000)
  object space 524288K, 22% used [0x0000000790000000,0x00000007970c5d78,0x00000007b0000000)
 Metaspace       used 76651K, capacity 82198K, committed 82224K, reserved 1120256K
  class space    used 10141K, capacity 12312K, committed 12336K, reserved 1048576K
Event: 8030.312 GC heap after
Heap after GC invocations=50 (full 3):
 PSYoungGen      total 222720K, used 15487K [0x00000007b0000000, 0x00000007c0000000, 0x00000007c0000000)
  eden space 183808K, 0% used [0x00000007b0000000,0x00000007b0000000,0x00000007bb380000)
  from space 38912K, 39% used [0x00000007bb380000,0x00000007bc29ff28,0x00000007bd980000)
  to   space 37888K, 0% used [0x00000007bdb00000,0x00000007bdb00000,0x00000007c0000000)
 ParOldGen       total 524288K, used 117147K [0x0000000790000000, 0x00000007b0000000, 0x00000007b0000000)
  object space 524288K, 22% used [0x0000000790000000,0x0000000797266cf8,0x00000007b0000000)
 Metaspace       used 76651K, capacity 82198K, committed 82224K, reserved 1120256K
  class space    used 10141K, capacity 12312K, committed 12336K, reserved 1048576K
}
Event: 8055.358 GC heap before
{Heap before GC invocations=51 (full 3):
 PSYoungGen      total 222720K, used 199295K [0x00000007b0000000, 0x00000007c0000000, 0x00000007c0000000)
  eden space 183808K, 100% used [0x00000007b0000000,0x00000007bb380000,0x00000007bb380000)
  from space 38912K, 39% used [0x00000007bb380000,0x00000007bc29ff28,0x00000007bd980000)
  to   space 37888K, 0% used [0x00000007bdb00000,0x00000007bdb00000,0x00000007c0000000)
 ParOldGen       total 524288K, used 117147K [0x0000000790000000, 0x00000007b0000000, 0x00000007b0000000)
  object space 524288K, 22% used [0x0000000790000000,0x0000000797266cf8,0x00000007b0000000)
 Metaspace       used 76857K, capacity 82504K, committed 82736K, reserved 1120256K
  class space    used 10190K, capacity 12467K, committed 12592K, reserved 1048576K
Event: 8055.375 GC heap after
Heap after GC invocations=51 (full 3):
 PSYoungGen      total 225280K, used 16198K [0x00000007b0000000, 0x00000007c0000000, 0x00000007c0000000)
  eden space 187392K, 0% used [0x00000007b0000000,0x00000007b0000000,0x00000007bb700000)
  from space 37888K, 42% used [0x00000007bdb00000,0x00000007bead18b8,0x00000007c0000000)
  to   space 36864K, 0% used [0x00000007bb700000,0x00000007bb700000,0x00000007bdb00000)
 ParOldGen       total 524288K, used 118279K [0x0000000790000000, 0x00000007b0000000, 0x00000007b0000000)
  object space 524288K, 22% used [0x0000000790000000,0x0000000797381d18,0x00000007b0000000)
 Metaspace       used 76857K, capacity 82504K, committed 82736K, reserved 1120256K
  class space    used 10190K, capacity 12467K, committed 12592K, reserved 1048576K
}
Event: 8929.936 GC heap before
{Heap before GC invocations=52 (full 3):
 PSYoungGen      total 225280K, used 203590K [0x00000007b0000000, 0x00000007c0000000, 0x00000007c0000000)
  eden space 187392K, 100% used [0x00000007b0000000,0x00000007bb700000,0x00000007bb700000)
  from space 37888K, 42% used [0x00000007bdb00000,0x00000007bead18b8,0x00000007c0000000)
  to   space 36864K, 0% used [0x00000007bb700000,0x00000007bb700000,0x00000007bdb00000)
 ParOldGen       total 524288K, used 118279K [0x0000000790000000, 0x00000007b0000000, 0x00000007b0000000)
  object space 524288K, 22% used [0x0000000790000000,0x0000000797381d18,0x00000007b0000000)
 Metaspace       used 76954K, capacity 82690K, committed 82992K, reserved 1120256K
  class space    used 10209K, capacity 12542K, committed 12592K, reserved 1048576K
Event: 8929.963 GC heap after
Heap after GC invocations=52 (full 3):
 PSYoungGen      total 224256K, used 15734K [0x00000007b0000000, 0x00000007c0000000, 0x00000007c0000000)
  eden space 187392K, 0% used [0x00000007b0000000,0x00000007b0000000,0x00000007bb700000)
  from space 36864K, 42% used [0x00000007bb700000,0x00000007bc65d8a8,0x00000007bdb00000)
  to   space 36352K, 0% used [0x00000007bdc80000,0x00000007bdc80000,0x00000007c0000000)
 ParOldGen       total 524288K, used 119448K [0x0000000790000000, 0x00000007b0000000, 0x00000007b0000000)
  object space 524288K, 22% used [0x0000000790000000,0x00000007974a6358,0x00000007b0000000)
 Metaspace       used 76954K, capacity 82690K, committed 82992K, reserved 1120256K
  class space    used 10209K, capacity 12542K, committed 12592K, reserved 1048576K
}
Event: 11491.247 GC heap before
{Heap before GC invocations=53 (full 3):
 PSYoungGen      total 224256K, used 203126K [0x00000007b0000000, 0x00000007c0000000, 0x00000007c0000000)
  eden space 187392K, 100% used [0x00000007b0000000,0x00000007bb700000,0x00000007bb700000)
  from space 36864K, 42% used [0x00000007bb700000,0x00000007bc65d8a8,0x00000007bdb00000)
  to   space 36352K, 0% used [0x00000007bdc80000,0x00000007bdc80000,0x00000007c0000000)
 ParOldGen       total 524288K, used 119448K [0x0000000790000000, 0x00000007b0000000, 0x00000007b0000000)
  object space 524288K, 22% used [0x0000000790000000,0x00000007974a6358,0x00000007b0000000)
 Metaspace       used 77336K, capacity 83070K, committed 83376K, reserved 1120256K
  class space    used 10238K, capacity 12620K, committed 12720K, reserved 1048576K
Event: 11491.391 GC heap after
Heap after GC invocations=53 (full 3):
 PSYoungGen      total 226816K, used 15720K [0x00000007b0000000, 0x00000007c0000000, 0x00000007c0000000)
  eden space 190464K, 0% used [0x00000007b0000000,0x00000007b0000000,0x00000007bba00000)
  from space 36352K, 43% used [0x00000007bdc80000,0x00000007bebda1c8,0x00000007c0000000)
  to   space 35328K, 0% used [0x00000007bba00000,0x00000007bba00000,0x00000007bdc80000)
 ParOldGen       total 524288K, used 120636K [0x0000000790000000, 0x00000007b0000000, 0x00000007b0000000)
  object space 524288K, 23% used [0x0000000790000000,0x00000007975cf3a8,0x00000007b0000000)
 Metaspace       used 77336K, capacity 83070K, committed 83376K, reserved 1120256K
  class space    used 10238K, capacity 12620K, committed 12720K, reserved 1048576K
}
Event: 11864.330 GC heap before
{Heap before GC invocations=54 (full 3):
 PSYoungGen      total 226816K, used 206184K [0x00000007b0000000, 0x00000007c0000000, 0x00000007c0000000)
  eden space 190464K, 100% used [0x00000007b0000000,0x00000007bba00000,0x00000007bba00000)
  from space 36352K, 43% used [0x00000007bdc80000,0x00000007bebda1c8,0x00000007c0000000)
  to   space 35328K, 0% used [0x00000007bba00000,0x00000007bba00000,0x00000007bdc80000)
 ParOldGen       total 524288K, used 120636K [0x0000000790000000, 0x00000007b0000000, 0x00000007b0000000)
  object space 524288K, 23% used [0x0000000790000000,0x00000007975cf3a8,0x00000007b0000000)
 Metaspace       used 77592K, capacity 83418K, committed 83632K, reserved 1120256K
  class space    used 10266K, capacity 12677K, committed 12720K, reserved 1048576K
Event: 11864.431 GC heap after
Heap after GC invocations=54 (full 3):
 PSYoungGen      total 225792K, used 16439K [0x00000007b0000000, 0x00000007c0000000, 0x00000007c0000000)
  eden space 190464K, 0% used [0x00000007b0000000,0x00000007b0000000,0x00000007bba00000)
  from space 35328K, 46% used [0x00000007bba00000,0x00000007bca0deb8,0x00000007bdc80000)
  to   space 34304K, 0% used [0x00000007bde80000,0x00000007bde80000,0x00000007c0000000)
 ParOldGen       total 524288K, used 121605K [0x0000000790000000, 0x00000007b0000000, 0x00000007b0000000)
  object space 524288K, 23% used [0x0000000790000000,0x00000007976c1458,0x00000007b0000000)
 Metaspace       used 77592K, capacity 83418K, committed 83632K, reserved 1120256K
  class space    used 10266K, capacity 12677K, committed 12720K, reserved 1048576K
}

